  test.c
C:\test\test.c\electric\electric\2.h(10,2): warning C4091: “typedef ”: 没有声明变量时忽略“elesystem”的左侧
C:\test\test.c\electric\electric\2.h(13,17): error C2143: 语法错误: 缺少“)”(在“*”的前面)
C:\test\test.c\electric\electric\2.h(13,17): error C2143: 语法错误: 缺少“{”(在“*”的前面)
C:\test\test.c\electric\electric\2.h(13,21): error C2059: 语法错误:“)”
C:\test\test.c\electric\electric\2.h(14,1): error C2054: 在“ps”之后应输入“(”
C:\test\test.c\electric\electric\test.c(6,2): warning C4013: “adddata”未定义；假设外部返回 int
